<?xml version="1.0" encoding="utf-8" standalone="no"?>
<!--This file represents the results of running a test suite-->
<test-results name="D:\Semester 3\Pemrograman Lanjut\02 tugas\TugasLibraryUnitTest\bin\Debug\TugasLibraryUnitTest.dll" total="2" errors="0" failures="0" not-run="0" inconclusive="0" ignored="0" skipped="0" invalid="0" date="2021-10-28" time="16:27:22">
  <environment nunit-version="2.6.4.14350" clr-version="2.0.50727.9151" os-version="Microsoft Windows NT 6.2.9200.0" platform="Win32NT" cwd="C:\WINDOWS\system32" machine-name="LAPTOP-Q5ARE1ES" user="oktam" user-domain="LAPTOP-Q5ARE1ES" />
  <culture-info current-culture="en-ID" current-uiculture="en-US" />
  <test-suite type="Assembly" name="D:\Semester 3\Pemrograman Lanjut\02 tugas\TugasLibraryUnitTest\bin\Debug\TugasLibraryUnitTest.dll" executed="True" result="Success" success="True" time="0.015" asserts="0">
    <results>
      <test-suite type="Namespace" name="TugasLibraryUnitTest" executed="True" result="Success" success="True" time="0.013" asserts="0">
        <results>
          <test-suite type="TestFixture" name="TugasLibraryTest" executed="True" result="Success" success="True" time="0.012" asserts="0">
            <results>
              <test-case name="TugasLibraryUnitTest.TugasLibraryTest.NameOfDayTest" executed="True" result="Success" success="True" time="0.000" asserts="7" />
              <test-case name="TugasLibraryUnitTest.TugasLibraryTest.ValidTest" executed="True" result="Success" success="True" time="0.000" asserts="2" />
            </results>
          </test-suite>
        </results>
      </test-suite>
    </results>
  </test-suite>
</test-results>